<?xml version="1.0" encoding="utf-8"?><testsuites name="pytest tests"><testsuite name="pytest" errors="0" failures="0" skipped="0" tests="18" time="4.437" timestamp="2026-05-30T16:59:50.282096+00:00" hostname="agent-env-0f62a529-3b4f-4c45-bc7b-9f35b7278add"><testcase classname="backend.tests.test_payment.TestSettings" name="test_public_get_returns_defaults" time="0.318" /><testcase classname="backend.tests.test_payment.TestSettings" name="test_admin_get_requires_auth" time="0.054" /><testcase classname="backend.tests.test_payment.TestSettings" name="test_admin_get_with_auth" time="0.323" /><testcase classname="backend.tests.test_payment.TestSettings" name="test_admin_put_persists" time="0.098" /><testcase classname="backend.tests.test_payment.TestOrderPaymentFields" name="test_dp_amounts_computed_yearly" time="0.198" /><testcase classname="backend.tests.test_payment.TestOrderPaymentFields" name="test_full_payment_mode" time="0.151" /><testcase classname="backend.tests.test_payment.TestOrderPaymentFields" name="test_default_mode_is_dp" time="0.153" /><testcase classname="backend.tests.test_payment.TestAcceptTransitionsToAwaitingPayment" name="test_dp_order_goes_to_awaiting_payment" time="0.199" /><testcase classname="backend.tests.test_payment.TestAcceptTransitionsToAwaitingPayment" name="test_full_order_also_goes_to_awaiting_payment" time="0.190" /><testcase classname="backend.tests.test_payment.TestPaymentSubmit" name="test_submit_dp_success" time="0.244" /><testcase classname="backend.tests.test_payment.TestPaymentSubmit" name="test_submit_amount_too_low" time="0.234" /><testcase classname="backend.tests.test_payment.TestPaymentSubmit" name="test_submit_kind_mismatch" time="0.243" /><testcase classname="backend.tests.test_payment.TestVerifyPayment" name="test_verify_requires_auth" time="0.047" /><testcase classname="backend.tests.test_payment.TestVerifyPayment" name="test_verify_accept_moves_to_in_progress" time="0.286" /><testcase classname="backend.tests.test_payment.TestVerifyPayment" name="test_verify_reject_reverts" time="0.333" /><testcase classname="backend.tests.test_payment.TestFullPaymentE2E" name="test_full_path_complete" time="0.376" /><testcase classname="backend.tests.test_payment.TestDPSettlementE2E" name="test_dp_full_lifecycle" time="0.479" /><testcase classname="backend.tests.test_payment.TestFinishAlias" name="test_finish_alias_delegates" time="0.411" /></testsuite></testsuites>