<?xml version="1.0" encoding="utf-8"?><testsuites name="pytest tests"><testsuite name="pytest" errors="0" failures="0" skipped="0" tests="21" time="5.769" timestamp="2026-05-30T16:32:47.673741+00:00" hostname="agent-env-0f62a529-3b4f-4c45-bc7b-9f35b7278add"><testcase classname="backend.tests.backend_test.TestAuth" name="test_login_success" time="0.340" /><testcase classname="backend.tests.backend_test.TestAuth" name="test_login_wrong_pin" time="0.273" /><testcase classname="backend.tests.backend_test.TestAuth" name="test_me_no_token" time="0.048" /><testcase classname="backend.tests.backend_test.TestAuth" name="test_me_with_token" time="0.317" /><testcase classname="backend.tests.backend_test.TestAuth" name="test_change_pin_flow" time="1.796" /><testcase classname="backend.tests.backend_test.TestAuth" name="test_change_pin_invalid_format" time="0.058" /><testcase classname="backend.tests.backend_test.TestOrderCreateTrack" name="test_create_order_returns_code_and_token" time="0.055" /><testcase classname="backend.tests.backend_test.TestOrderCreateTrack" name="test_validation_brief_too_short" time="0.048" /><testcase classname="backend.tests.backend_test.TestOrderCreateTrack" name="test_validation_name_too_short" time="0.045" /><testcase classname="backend.tests.backend_test.TestOrderCreateTrack" name="test_validation_wa_too_short" time="0.053" /><testcase classname="backend.tests.backend_test.TestOrderCreateTrack" name="test_track_by_token" time="0.097" /><testcase classname="backend.tests.backend_test.TestOrderCreateTrack" name="test_track_wrong_token" time="0.046" /><testcase classname="backend.tests.backend_test.TestHappyPath" name="test_full_happy_path" time="0.516" /><testcase classname="backend.tests.backend_test.TestNegotiation" name="test_negotiation_flow" time="0.241" /><testcase classname="backend.tests.backend_test.TestRevisionQuotas" name="test_basic_zero_revisions" time="0.295" /><testcase classname="backend.tests.backend_test.TestRevisionQuotas" name="test_growth_one_revision" time="0.399" /><testcase classname="backend.tests.backend_test.TestRevisionQuotas" name="test_pro_two_revisions" time="0.506" /><testcase classname="backend.tests.backend_test.TestReject" name="test_reject_then_guard" time="0.197" /><testcase classname="backend.tests.backend_test.TestAdmin" name="test_admin_list_requires_auth" time="0.055" /><testcase classname="backend.tests.backend_test.TestAdmin" name="test_admin_list_with_auth" time="0.144" /><testcase classname="backend.tests.backend_test.TestAdmin" name="test_admin_delete" time="0.166" /></testsuite></testsuites>