<?xml version="1.0" encoding="utf-8"?><testsuites name="pytest tests"><testsuite name="pytest" errors="0" failures="0" skipped="0" tests="39" time="11.239" timestamp="2026-05-30T17:00:42.997769+00:00" hostname="agent-env-0f62a529-3b4f-4c45-bc7b-9f35b7278add"><testcase classname="backend.tests.backend_test.TestAuth" name="test_login_success" time="0.439" /><testcase classname="backend.tests.backend_test.TestAuth" name="test_login_wrong_pin" time="0.271" /><testcase classname="backend.tests.backend_test.TestAuth" name="test_me_no_token" time="0.050" /><testcase classname="backend.tests.backend_test.TestAuth" name="test_me_with_token" time="0.331" /><testcase classname="backend.tests.backend_test.TestAuth" name="test_change_pin_flow" time="1.830" /><testcase classname="backend.tests.backend_test.TestAuth" name="test_change_pin_invalid_format" time="0.050" /><testcase classname="backend.tests.backend_test.TestOrderCreateTrack" name="test_create_order_returns_code_and_token" time="0.049" /><testcase classname="backend.tests.backend_test.TestOrderCreateTrack" name="test_validation_brief_too_short" time="0.195" /><testcase classname="backend.tests.backend_test.TestOrderCreateTrack" name="test_validation_name_too_short" time="0.047" /><testcase classname="backend.tests.backend_test.TestOrderCreateTrack" name="test_validation_wa_too_short" time="0.049" /><testcase classname="backend.tests.backend_test.TestOrderCreateTrack" name="test_track_by_token" time="0.105" /><testcase classname="backend.tests.backend_test.TestOrderCreateTrack" name="test_track_wrong_token" time="0.049" /><testcase classname="backend.tests.backend_test.TestHappyPath" name="test_full_happy_path" time="0.691" /><testcase classname="backend.tests.backend_test.TestNegotiation" name="test_negotiation_flow" time="0.403" /><testcase classname="backend.tests.backend_test.TestRevisionQuotas" name="test_basic_zero_revisions" time="0.447" /><testcase classname="backend.tests.backend_test.TestRevisionQuotas" name="test_growth_one_revision" time="0.560" /><testcase classname="backend.tests.backend_test.TestRevisionQuotas" name="test_pro_two_revisions" time="0.655" /><testcase classname="backend.tests.backend_test.TestReject" name="test_reject_then_guard" time="0.204" /><testcase classname="backend.tests.backend_test.TestAdmin" name="test_admin_list_requires_auth" time="0.048" /><testcase classname="backend.tests.backend_test.TestAdmin" name="test_admin_list_with_auth" time="0.151" /><testcase classname="backend.tests.backend_test.TestAdmin" name="test_admin_delete" time="0.146" /><testcase classname="backend.tests.test_payment.TestSettings" name="test_public_get_returns_defaults" time="0.164" /><testcase classname="backend.tests.test_payment.TestSettings" name="test_admin_get_requires_auth" time="0.050" /><testcase classname="backend.tests.test_payment.TestSettings" name="test_admin_get_with_auth" time="0.353" /><testcase classname="backend.tests.test_payment.TestSettings" name="test_admin_put_persists" time="0.098" /><testcase classname="backend.tests.test_payment.TestOrderPaymentFields" name="test_dp_amounts_computed_yearly" time="0.212" /><testcase classname="backend.tests.test_payment.TestOrderPaymentFields" name="test_full_payment_mode" time="0.143" /><testcase classname="backend.tests.test_payment.TestOrderPaymentFields" name="test_default_mode_is_dp" time="0.140" /><testcase classname="backend.tests.test_payment.TestAcceptTransitionsToAwaitingPayment" name="test_dp_order_goes_to_awaiting_payment" time="0.204" /><testcase classname="backend.tests.test_payment.TestAcceptTransitionsToAwaitingPayment" name="test_full_order_also_goes_to_awaiting_payment" time="0.195" /><testcase classname="backend.tests.test_payment.TestPaymentSubmit" name="test_submit_dp_success" time="0.252" /><testcase classname="backend.tests.test_payment.TestPaymentSubmit" name="test_submit_amount_too_low" time="0.246" /><testcase classname="backend.tests.test_payment.TestPaymentSubmit" name="test_submit_kind_mismatch" time="0.243" /><testcase classname="backend.tests.test_payment.TestVerifyPayment" name="test_verify_requires_auth" time="0.049" /><testcase classname="backend.tests.test_payment.TestVerifyPayment" name="test_verify_accept_moves_to_in_progress" time="0.300" /><testcase classname="backend.tests.test_payment.TestVerifyPayment" name="test_verify_reject_reverts" time="0.366" /><testcase classname="backend.tests.test_payment.TestFullPaymentE2E" name="test_full_path_complete" time="0.419" /><testcase classname="backend.tests.test_payment.TestDPSettlementE2E" name="test_dp_full_lifecycle" time="0.516" /><testcase classname="backend.tests.test_payment.TestFinishAlias" name="test_finish_alias_delegates" time="0.407" /></testsuite></testsuites>